E:\C++\VIRTUALTABLE\VIRTUALTABLE\DEBUG\MAIN.OBJ
E:\C++\VIRTUALTABLE\VIRTUALTABLE\DEBUG\VC110.PDB
E:\C++\VIRTUALTABLE\VIRTUALTABLE\DEBUG\SOURCE.OBJ
E:\C++\VIRTUALTABLE\DEBUG\VIRTUALTABLE.ILK
E:\C++\VIRTUALTABLE\DEBUG\VIRTUALTABLE.EXE
E:\C++\VIRTUALTABLE\DEBUG\VIRTUALTABLE.PDB
E:\c++\VirtualTable\VirtualTable\Debug\main.obj
E:\c++\VirtualTable\VirtualTable\Debug\Source.obj
E:\c++\VirtualTable\VirtualTable\Debug\cl.command.1.tlog
E:\c++\VirtualTable\VirtualTable\Debug\CL.read.1.tlog
E:\c++\VirtualTable\VirtualTable\Debug\CL.write.1.tlog
E:\c++\VirtualTable\VirtualTable\Debug\link-cvtres.read.1.tlog
E:\c++\VirtualTable\VirtualTable\Debug\link-cvtres.write.1.tlog
E:\c++\VirtualTable\VirtualTable\Debug\link-rc.read.1.tlog
E:\c++\VirtualTable\VirtualTable\Debug\link-rc.write.1.tlog
E:\c++\VirtualTable\VirtualTable\Debug\link.10908-cvtres.read.1.tlog
E:\c++\VirtualTable\VirtualTable\Debug\link.10908-cvtres.write.1.tlog
E:\c++\VirtualTable\VirtualTable\Debug\link.10908-rc.read.1.tlog
E:\c++\VirtualTable\VirtualTable\Debug\link.10908-rc.write.1.tlog
E:\c++\VirtualTable\VirtualTable\Debug\link.10908.read.1.tlog
E:\c++\VirtualTable\VirtualTable\Debug\link.10908.write.1.tlog
E:\c++\VirtualTable\VirtualTable\Debug\link.3828-cvtres.read.1.tlog
E:\c++\VirtualTable\VirtualTable\Debug\link.3828-cvtres.write.1.tlog
E:\c++\VirtualTable\VirtualTable\Debug\link.3828-rc.read.1.tlog
E:\c++\VirtualTable\VirtualTable\Debug\link.3828-rc.write.1.tlog
E:\c++\VirtualTable\VirtualTable\Debug\link.3828.read.1.tlog
E:\c++\VirtualTable\VirtualTable\Debug\link.3828.write.1.tlog
E:\c++\VirtualTable\VirtualTable\Debug\link.3880-cvtres.read.1.tlog
E:\c++\VirtualTable\VirtualTable\Debug\link.3880-cvtres.write.1.tlog
E:\c++\VirtualTable\VirtualTable\Debug\link.3880-rc.read.1.tlog
E:\c++\VirtualTable\VirtualTable\Debug\link.3880-rc.write.1.tlog
E:\c++\VirtualTable\VirtualTable\Debug\link.3880.read.1.tlog
E:\c++\VirtualTable\VirtualTable\Debug\link.3880.write.1.tlog
E:\c++\VirtualTable\VirtualTable\Debug\link.4228-cvtres.read.1.tlog
E:\c++\VirtualTable\VirtualTable\Debug\link.4228-cvtres.write.1.tlog
E:\c++\VirtualTable\VirtualTable\Debug\link.4228-rc.read.1.tlog
E:\c++\VirtualTable\VirtualTable\Debug\link.4228-rc.write.1.tlog
E:\c++\VirtualTable\VirtualTable\Debug\link.4228.read.1.tlog
E:\c++\VirtualTable\VirtualTable\Debug\link.4228.write.1.tlog
E:\c++\VirtualTable\VirtualTable\Debug\link.4468-cvtres.read.1.tlog
E:\c++\VirtualTable\VirtualTable\Debug\link.4468-cvtres.write.1.tlog
E:\c++\VirtualTable\VirtualTable\Debug\link.4468-rc.read.1.tlog
E:\c++\VirtualTable\VirtualTable\Debug\link.4468-rc.write.1.tlog
E:\c++\VirtualTable\VirtualTable\Debug\link.4468.read.1.tlog
E:\c++\VirtualTable\VirtualTable\Debug\link.4468.write.1.tlog
E:\c++\VirtualTable\VirtualTable\Debug\link.4692-cvtres.read.1.tlog
E:\c++\VirtualTable\VirtualTable\Debug\link.4692-cvtres.write.1.tlog
E:\c++\VirtualTable\VirtualTable\Debug\link.4692-rc.read.1.tlog
E:\c++\VirtualTable\VirtualTable\Debug\link.4692-rc.write.1.tlog
E:\c++\VirtualTable\VirtualTable\Debug\link.4692.read.1.tlog
E:\c++\VirtualTable\VirtualTable\Debug\link.4692.write.1.tlog
E:\c++\VirtualTable\VirtualTable\Debug\link.4760-cvtres.read.1.tlog
E:\c++\VirtualTable\VirtualTable\Debug\link.4760-cvtres.write.1.tlog
E:\c++\VirtualTable\VirtualTable\Debug\link.4760-rc.read.1.tlog
E:\c++\VirtualTable\VirtualTable\Debug\link.4760-rc.write.1.tlog
E:\c++\VirtualTable\VirtualTable\Debug\link.4760.read.1.tlog
E:\c++\VirtualTable\VirtualTable\Debug\link.4760.write.1.tlog
E:\c++\VirtualTable\VirtualTable\Debug\link.4912-cvtres.read.1.tlog
E:\c++\VirtualTable\VirtualTable\Debug\link.4912-cvtres.write.1.tlog
E:\c++\VirtualTable\VirtualTable\Debug\link.4912-rc.read.1.tlog
E:\c++\VirtualTable\VirtualTable\Debug\link.4912-rc.write.1.tlog
E:\c++\VirtualTable\VirtualTable\Debug\link.4912.read.1.tlog
E:\c++\VirtualTable\VirtualTable\Debug\link.4912.write.1.tlog
E:\c++\VirtualTable\VirtualTable\Debug\link.5036-cvtres.read.1.tlog
E:\c++\VirtualTable\VirtualTable\Debug\link.5036-cvtres.write.1.tlog
E:\c++\VirtualTable\VirtualTable\Debug\link.5036-rc.read.1.tlog
E:\c++\VirtualTable\VirtualTable\Debug\link.5036-rc.write.1.tlog
E:\c++\VirtualTable\VirtualTable\Debug\link.5036.read.1.tlog
E:\c++\VirtualTable\VirtualTable\Debug\link.5036.write.1.tlog
E:\c++\VirtualTable\VirtualTable\Debug\link.5104-cvtres.read.1.tlog
E:\c++\VirtualTable\VirtualTable\Debug\link.5104-cvtres.write.1.tlog
E:\c++\VirtualTable\VirtualTable\Debug\link.5104-rc.read.1.tlog
E:\c++\VirtualTable\VirtualTable\Debug\link.5104-rc.write.1.tlog
E:\c++\VirtualTable\VirtualTable\Debug\link.5104.read.1.tlog
E:\c++\VirtualTable\VirtualTable\Debug\link.5104.write.1.tlog
E:\c++\VirtualTable\VirtualTable\Debug\link.5220-cvtres.read.1.tlog
E:\c++\VirtualTable\VirtualTable\Debug\link.5220-cvtres.write.1.tlog
E:\c++\VirtualTable\VirtualTable\Debug\link.5220-rc.read.1.tlog
E:\c++\VirtualTable\VirtualTable\Debug\link.5220-rc.write.1.tlog
E:\c++\VirtualTable\VirtualTable\Debug\link.5220.read.1.tlog
E:\c++\VirtualTable\VirtualTable\Debug\link.5220.write.1.tlog
E:\c++\VirtualTable\VirtualTable\Debug\link.5976-cvtres.read.1.tlog
E:\c++\VirtualTable\VirtualTable\Debug\link.5976-cvtres.write.1.tlog
E:\c++\VirtualTable\VirtualTable\Debug\link.5976-rc.read.1.tlog
E:\c++\VirtualTable\VirtualTable\Debug\link.5976-rc.write.1.tlog
E:\c++\VirtualTable\VirtualTable\Debug\link.5976.read.1.tlog
E:\c++\VirtualTable\VirtualTable\Debug\link.5976.write.1.tlog
E:\c++\VirtualTable\VirtualTable\Debug\link.6112-cvtres.read.1.tlog
E:\c++\VirtualTable\VirtualTable\Debug\link.6112-cvtres.write.1.tlog
E:\c++\VirtualTable\VirtualTable\Debug\link.6112-rc.read.1.tlog
E:\c++\VirtualTable\VirtualTable\Debug\link.6112-rc.write.1.tlog
E:\c++\VirtualTable\VirtualTable\Debug\link.6112.read.1.tlog
E:\c++\VirtualTable\VirtualTable\Debug\link.6112.write.1.tlog
E:\c++\VirtualTable\VirtualTable\Debug\link.6172-cvtres.read.1.tlog
E:\c++\VirtualTable\VirtualTable\Debug\link.6172-cvtres.write.1.tlog
E:\c++\VirtualTable\VirtualTable\Debug\link.6172-rc.read.1.tlog
E:\c++\VirtualTable\VirtualTable\Debug\link.6172-rc.write.1.tlog
E:\c++\VirtualTable\VirtualTable\Debug\link.6172.read.1.tlog
E:\c++\VirtualTable\VirtualTable\Debug\link.6172.write.1.tlog
E:\c++\VirtualTable\VirtualTable\Debug\link.6232-cvtres.read.1.tlog
E:\c++\VirtualTable\VirtualTable\Debug\link.6232-cvtres.write.1.tlog
E:\c++\VirtualTable\VirtualTable\Debug\link.6232-rc.read.1.tlog
E:\c++\VirtualTable\VirtualTable\Debug\link.6232-rc.write.1.tlog
E:\c++\VirtualTable\VirtualTable\Debug\link.6232.read.1.tlog
E:\c++\VirtualTable\VirtualTable\Debug\link.6232.write.1.tlog
E:\c++\VirtualTable\VirtualTable\Debug\link.6260-cvtres.read.1.tlog
E:\c++\VirtualTable\VirtualTable\Debug\link.6260-cvtres.write.1.tlog
E:\c++\VirtualTable\VirtualTable\Debug\link.6260-rc.read.1.tlog
E:\c++\VirtualTable\VirtualTable\Debug\link.6260-rc.write.1.tlog
E:\c++\VirtualTable\VirtualTable\Debug\link.6260.read.1.tlog
E:\c++\VirtualTable\VirtualTable\Debug\link.6260.write.1.tlog
E:\c++\VirtualTable\VirtualTable\Debug\link.6568-cvtres.read.1.tlog
E:\c++\VirtualTable\VirtualTable\Debug\link.6568-cvtres.write.1.tlog
E:\c++\VirtualTable\VirtualTable\Debug\link.6568-rc.read.1.tlog
E:\c++\VirtualTable\VirtualTable\Debug\link.6568-rc.write.1.tlog
E:\c++\VirtualTable\VirtualTable\Debug\link.6568.read.1.tlog
E:\c++\VirtualTable\VirtualTable\Debug\link.6568.write.1.tlog
E:\c++\VirtualTable\VirtualTable\Debug\link.6740-cvtres.read.1.tlog
E:\c++\VirtualTable\VirtualTable\Debug\link.6740-cvtres.write.1.tlog
E:\c++\VirtualTable\VirtualTable\Debug\link.6740-rc.read.1.tlog
E:\c++\VirtualTable\VirtualTable\Debug\link.6740-rc.write.1.tlog
E:\c++\VirtualTable\VirtualTable\Debug\link.6740.read.1.tlog
E:\c++\VirtualTable\VirtualTable\Debug\link.6740.write.1.tlog
E:\c++\VirtualTable\VirtualTable\Debug\link.6808-cvtres.read.1.tlog
E:\c++\VirtualTable\VirtualTable\Debug\link.6808-cvtres.write.1.tlog
E:\c++\VirtualTable\VirtualTable\Debug\link.6808-rc.read.1.tlog
E:\c++\VirtualTable\VirtualTable\Debug\link.6808-rc.write.1.tlog
E:\c++\VirtualTable\VirtualTable\Debug\link.6808.read.1.tlog
E:\c++\VirtualTable\VirtualTable\Debug\link.6808.write.1.tlog
E:\c++\VirtualTable\VirtualTable\Debug\link.7020-cvtres.read.1.tlog
E:\c++\VirtualTable\VirtualTable\Debug\link.7020-cvtres.write.1.tlog
E:\c++\VirtualTable\VirtualTable\Debug\link.7020-rc.read.1.tlog
E:\c++\VirtualTable\VirtualTable\Debug\link.7020-rc.write.1.tlog
E:\c++\VirtualTable\VirtualTable\Debug\link.7020.read.1.tlog
E:\c++\VirtualTable\VirtualTable\Debug\link.7020.write.1.tlog
E:\c++\VirtualTable\VirtualTable\Debug\link.7044-cvtres.read.1.tlog
E:\c++\VirtualTable\VirtualTable\Debug\link.7044-cvtres.write.1.tlog
E:\c++\VirtualTable\VirtualTable\Debug\link.7044-rc.read.1.tlog
E:\c++\VirtualTable\VirtualTable\Debug\link.7044-rc.write.1.tlog
E:\c++\VirtualTable\VirtualTable\Debug\link.7044.read.1.tlog
E:\c++\VirtualTable\VirtualTable\Debug\link.7044.write.1.tlog
E:\c++\VirtualTable\VirtualTable\Debug\link.7076-cvtres.read.1.tlog
E:\c++\VirtualTable\VirtualTable\Debug\link.7076-cvtres.write.1.tlog
E:\c++\VirtualTable\VirtualTable\Debug\link.7076-rc.read.1.tlog
E:\c++\VirtualTable\VirtualTable\Debug\link.7076-rc.write.1.tlog
E:\c++\VirtualTable\VirtualTable\Debug\link.7076.read.1.tlog
E:\c++\VirtualTable\VirtualTable\Debug\link.7076.write.1.tlog
E:\c++\VirtualTable\VirtualTable\Debug\link.7260-cvtres.read.1.tlog
E:\c++\VirtualTable\VirtualTable\Debug\link.7260-cvtres.write.1.tlog
E:\c++\VirtualTable\VirtualTable\Debug\link.7260-rc.read.1.tlog
E:\c++\VirtualTable\VirtualTable\Debug\link.7260-rc.write.1.tlog
E:\c++\VirtualTable\VirtualTable\Debug\link.7260.read.1.tlog
E:\c++\VirtualTable\VirtualTable\Debug\link.7260.write.1.tlog
E:\c++\VirtualTable\VirtualTable\Debug\link.7352-cvtres.read.1.tlog
E:\c++\VirtualTable\VirtualTable\Debug\link.7352-cvtres.write.1.tlog
E:\c++\VirtualTable\VirtualTable\Debug\link.7352-rc.read.1.tlog
E:\c++\VirtualTable\VirtualTable\Debug\link.7352-rc.write.1.tlog
E:\c++\VirtualTable\VirtualTable\Debug\link.7352.read.1.tlog
E:\c++\VirtualTable\VirtualTable\Debug\link.7352.write.1.tlog
E:\c++\VirtualTable\VirtualTable\Debug\link.7372-cvtres.read.1.tlog
E:\c++\VirtualTable\VirtualTable\Debug\link.7372-cvtres.write.1.tlog
E:\c++\VirtualTable\VirtualTable\Debug\link.7372-rc.read.1.tlog
E:\c++\VirtualTable\VirtualTable\Debug\link.7372-rc.write.1.tlog
E:\c++\VirtualTable\VirtualTable\Debug\link.7372.read.1.tlog
E:\c++\VirtualTable\VirtualTable\Debug\link.7372.write.1.tlog
E:\c++\VirtualTable\VirtualTable\Debug\link.7564-cvtres.read.1.tlog
E:\c++\VirtualTable\VirtualTable\Debug\link.7564-cvtres.write.1.tlog
E:\c++\VirtualTable\VirtualTable\Debug\link.7564-rc.read.1.tlog
E:\c++\VirtualTable\VirtualTable\Debug\link.7564-rc.write.1.tlog
E:\c++\VirtualTable\VirtualTable\Debug\link.7564.read.1.tlog
E:\c++\VirtualTable\VirtualTable\Debug\link.7564.write.1.tlog
E:\c++\VirtualTable\VirtualTable\Debug\link.7636-cvtres.read.1.tlog
E:\c++\VirtualTable\VirtualTable\Debug\link.7636-cvtres.write.1.tlog
E:\c++\VirtualTable\VirtualTable\Debug\link.7636-rc.read.1.tlog
E:\c++\VirtualTable\VirtualTable\Debug\link.7636-rc.write.1.tlog
E:\c++\VirtualTable\VirtualTable\Debug\link.7636.read.1.tlog
E:\c++\VirtualTable\VirtualTable\Debug\link.7636.write.1.tlog
E:\c++\VirtualTable\VirtualTable\Debug\link.7644-cvtres.read.1.tlog
E:\c++\VirtualTable\VirtualTable\Debug\link.7644-cvtres.write.1.tlog
E:\c++\VirtualTable\VirtualTable\Debug\link.7644-rc.read.1.tlog
E:\c++\VirtualTable\VirtualTable\Debug\link.7644-rc.write.1.tlog
E:\c++\VirtualTable\VirtualTable\Debug\link.7644.read.1.tlog
E:\c++\VirtualTable\VirtualTable\Debug\link.7644.write.1.tlog
E:\c++\VirtualTable\VirtualTable\Debug\link.7804-cvtres.read.1.tlog
E:\c++\VirtualTable\VirtualTable\Debug\link.7804-cvtres.write.1.tlog
E:\c++\VirtualTable\VirtualTable\Debug\link.7804-rc.read.1.tlog
E:\c++\VirtualTable\VirtualTable\Debug\link.7804-rc.write.1.tlog
E:\c++\VirtualTable\VirtualTable\Debug\link.7804.read.1.tlog
E:\c++\VirtualTable\VirtualTable\Debug\link.7804.write.1.tlog
E:\c++\VirtualTable\VirtualTable\Debug\link.7832-cvtres.read.1.tlog
E:\c++\VirtualTable\VirtualTable\Debug\link.7832-cvtres.write.1.tlog
E:\c++\VirtualTable\VirtualTable\Debug\link.7832-rc.read.1.tlog
E:\c++\VirtualTable\VirtualTable\Debug\link.7832-rc.write.1.tlog
E:\c++\VirtualTable\VirtualTable\Debug\link.7832.read.1.tlog
E:\c++\VirtualTable\VirtualTable\Debug\link.7832.write.1.tlog
E:\c++\VirtualTable\VirtualTable\Debug\link.7944-cvtres.read.1.tlog
E:\c++\VirtualTable\VirtualTable\Debug\link.7944-cvtres.write.1.tlog
E:\c++\VirtualTable\VirtualTable\Debug\link.7944-rc.read.1.tlog
E:\c++\VirtualTable\VirtualTable\Debug\link.7944-rc.write.1.tlog
E:\c++\VirtualTable\VirtualTable\Debug\link.7944.read.1.tlog
E:\c++\VirtualTable\VirtualTable\Debug\link.7944.write.1.tlog
E:\c++\VirtualTable\VirtualTable\Debug\link.8056-cvtres.read.1.tlog
E:\c++\VirtualTable\VirtualTable\Debug\link.8056-cvtres.write.1.tlog
E:\c++\VirtualTable\VirtualTable\Debug\link.8056-rc.read.1.tlog
E:\c++\VirtualTable\VirtualTable\Debug\link.8056-rc.write.1.tlog
E:\c++\VirtualTable\VirtualTable\Debug\link.8056.read.1.tlog
E:\c++\VirtualTable\VirtualTable\Debug\link.8056.write.1.tlog
E:\c++\VirtualTable\VirtualTable\Debug\link.8072-cvtres.read.1.tlog
E:\c++\VirtualTable\VirtualTable\Debug\link.8072-cvtres.write.1.tlog
E:\c++\VirtualTable\VirtualTable\Debug\link.8072-rc.read.1.tlog
E:\c++\VirtualTable\VirtualTable\Debug\link.8072-rc.write.1.tlog
E:\c++\VirtualTable\VirtualTable\Debug\link.8072.read.1.tlog
E:\c++\VirtualTable\VirtualTable\Debug\link.8072.write.1.tlog
E:\c++\VirtualTable\VirtualTable\Debug\link.8148-cvtres.read.1.tlog
E:\c++\VirtualTable\VirtualTable\Debug\link.8148-cvtres.write.1.tlog
E:\c++\VirtualTable\VirtualTable\Debug\link.8148-rc.read.1.tlog
E:\c++\VirtualTable\VirtualTable\Debug\link.8148-rc.write.1.tlog
E:\c++\VirtualTable\VirtualTable\Debug\link.8148.read.1.tlog
E:\c++\VirtualTable\VirtualTable\Debug\link.8148.write.1.tlog
E:\c++\VirtualTable\VirtualTable\Debug\link.8168-cvtres.read.1.tlog
E:\c++\VirtualTable\VirtualTable\Debug\link.8168-cvtres.write.1.tlog
E:\c++\VirtualTable\VirtualTable\Debug\link.8168-rc.read.1.tlog
E:\c++\VirtualTable\VirtualTable\Debug\link.8168-rc.write.1.tlog
E:\c++\VirtualTable\VirtualTable\Debug\link.8168.read.1.tlog
E:\c++\VirtualTable\VirtualTable\Debug\link.8168.write.1.tlog
E:\c++\VirtualTable\VirtualTable\Debug\link.8196-cvtres.read.1.tlog
E:\c++\VirtualTable\VirtualTable\Debug\link.8196-cvtres.write.1.tlog
E:\c++\VirtualTable\VirtualTable\Debug\link.8196-rc.read.1.tlog
E:\c++\VirtualTable\VirtualTable\Debug\link.8196-rc.write.1.tlog
E:\c++\VirtualTable\VirtualTable\Debug\link.8196.read.1.tlog
E:\c++\VirtualTable\VirtualTable\Debug\link.8196.write.1.tlog
E:\c++\VirtualTable\VirtualTable\Debug\link.8288-cvtres.read.1.tlog
E:\c++\VirtualTable\VirtualTable\Debug\link.8288-cvtres.write.1.tlog
E:\c++\VirtualTable\VirtualTable\Debug\link.8288-rc.read.1.tlog
E:\c++\VirtualTable\VirtualTable\Debug\link.8288-rc.write.1.tlog
E:\c++\VirtualTable\VirtualTable\Debug\link.8288.read.1.tlog
E:\c++\VirtualTable\VirtualTable\Debug\link.8288.write.1.tlog
E:\c++\VirtualTable\VirtualTable\Debug\link.8352-cvtres.read.1.tlog
E:\c++\VirtualTable\VirtualTable\Debug\link.8352-cvtres.write.1.tlog
E:\c++\VirtualTable\VirtualTable\Debug\link.8352-rc.read.1.tlog
E:\c++\VirtualTable\VirtualTable\Debug\link.8352-rc.write.1.tlog
E:\c++\VirtualTable\VirtualTable\Debug\link.8352.read.1.tlog
E:\c++\VirtualTable\VirtualTable\Debug\link.8352.write.1.tlog
E:\c++\VirtualTable\VirtualTable\Debug\link.8368-cvtres.read.1.tlog
E:\c++\VirtualTable\VirtualTable\Debug\link.8368-cvtres.write.1.tlog
E:\c++\VirtualTable\VirtualTable\Debug\link.8368-rc.read.1.tlog
E:\c++\VirtualTable\VirtualTable\Debug\link.8368-rc.write.1.tlog
E:\c++\VirtualTable\VirtualTable\Debug\link.8368.read.1.tlog
E:\c++\VirtualTable\VirtualTable\Debug\link.8368.write.1.tlog
E:\c++\VirtualTable\VirtualTable\Debug\link.8824-cvtres.read.1.tlog
E:\c++\VirtualTable\VirtualTable\Debug\link.8824-cvtres.write.1.tlog
E:\c++\VirtualTable\VirtualTable\Debug\link.8824-rc.read.1.tlog
E:\c++\VirtualTable\VirtualTable\Debug\link.8824-rc.write.1.tlog
E:\c++\VirtualTable\VirtualTable\Debug\link.8824.read.1.tlog
E:\c++\VirtualTable\VirtualTable\Debug\link.8824.write.1.tlog
E:\c++\VirtualTable\VirtualTable\Debug\link.9448-cvtres.read.1.tlog
E:\c++\VirtualTable\VirtualTable\Debug\link.9448-cvtres.write.1.tlog
E:\c++\VirtualTable\VirtualTable\Debug\link.9448-rc.read.1.tlog
E:\c++\VirtualTable\VirtualTable\Debug\link.9448-rc.write.1.tlog
E:\c++\VirtualTable\VirtualTable\Debug\link.9448.read.1.tlog
E:\c++\VirtualTable\VirtualTable\Debug\link.9448.write.1.tlog
E:\c++\VirtualTable\VirtualTable\Debug\link.9632-cvtres.read.1.tlog
E:\c++\VirtualTable\VirtualTable\Debug\link.9632-cvtres.write.1.tlog
E:\c++\VirtualTable\VirtualTable\Debug\link.9632-rc.read.1.tlog
E:\c++\VirtualTable\VirtualTable\Debug\link.9632-rc.write.1.tlog
E:\c++\VirtualTable\VirtualTable\Debug\link.9632.read.1.tlog
E:\c++\VirtualTable\VirtualTable\Debug\link.9632.write.1.tlog
E:\c++\VirtualTable\VirtualTable\Debug\link.9880-cvtres.read.1.tlog
E:\c++\VirtualTable\VirtualTable\Debug\link.9880-cvtres.write.1.tlog
E:\c++\VirtualTable\VirtualTable\Debug\link.9880-rc.read.1.tlog
E:\c++\VirtualTable\VirtualTable\Debug\link.9880-rc.write.1.tlog
E:\c++\VirtualTable\VirtualTable\Debug\link.9880.read.1.tlog
E:\c++\VirtualTable\VirtualTable\Debug\link.9880.write.1.tlog
E:\c++\VirtualTable\VirtualTable\Debug\link.9932-cvtres.read.1.tlog
E:\c++\VirtualTable\VirtualTable\Debug\link.9932-cvtres.write.1.tlog
E:\c++\VirtualTable\VirtualTable\Debug\link.9932-rc.read.1.tlog
E:\c++\VirtualTable\VirtualTable\Debug\link.9932-rc.write.1.tlog
E:\c++\VirtualTable\VirtualTable\Debug\link.9932.read.1.tlog
E:\c++\VirtualTable\VirtualTable\Debug\link.9932.write.1.tlog
E:\c++\VirtualTable\VirtualTable\Debug\link.command.1.tlog
E:\c++\VirtualTable\VirtualTable\Debug\link.read.1.tlog
E:\c++\VirtualTable\VirtualTable\Debug\link.write.1.tlog
E:\c++\VirtualTable\VirtualTable\Debug\vc110.idb
E:\c++\VirtualTable\VirtualTable\Debug\vc110.pdb
E:\c++\VirtualTable\Debug\VirtualTable.pdb
E:\c++\VirtualTable\Debug\VirtualTable.exe
E:\c++\VirtualTable\Debug\VirtualTable.ilk
