E:\C++\VIRTUALTABLE\CONSOLEAPPLICATION2\DEBUG\SOURCE.OBJ
E:\C++\VIRTUALTABLE\CONSOLEAPPLICATION2\DEBUG\VC110.PDB
E:\C++\VIRTUALTABLE\DEBUG\CONSOLEAPPLICATION2.ILK
E:\C++\VIRTUALTABLE\DEBUG\CONSOLEAPPLICATION2.EXE
E:\C++\VIRTUALTABLE\DEBUG\CONSOLEAPPLICATION2.PDB
E:\c++\VirtualTable\ConsoleApplication2\Debug\Source.obj
E:\c++\VirtualTable\ConsoleApplication2\Debug\cl.command.1.tlog
E:\c++\VirtualTable\ConsoleApplication2\Debug\CL.read.1.tlog
E:\c++\VirtualTable\ConsoleApplication2\Debug\CL.write.1.tlog
E:\c++\VirtualTable\ConsoleApplication2\Debug\link-cvtres.read.1.tlog
E:\c++\VirtualTable\ConsoleApplication2\Debug\link-cvtres.write.1.tlog
E:\c++\VirtualTable\ConsoleApplication2\Debug\link-rc.read.1.tlog
E:\c++\VirtualTable\ConsoleApplication2\Debug\link-rc.write.1.tlog
E:\c++\VirtualTable\ConsoleApplication2\Debug\link.3204-cvtres.read.1.tlog
E:\c++\VirtualTable\ConsoleApplication2\Debug\link.3204-cvtres.write.1.tlog
E:\c++\VirtualTable\ConsoleApplication2\Debug\link.3204-rc.read.1.tlog
E:\c++\VirtualTable\ConsoleApplication2\Debug\link.3204-rc.write.1.tlog
E:\c++\VirtualTable\ConsoleApplication2\Debug\link.3204.read.1.tlog
E:\c++\VirtualTable\ConsoleApplication2\Debug\link.3204.write.1.tlog
E:\c++\VirtualTable\ConsoleApplication2\Debug\link.6252.read.1.tlog
E:\c++\VirtualTable\ConsoleApplication2\Debug\link.6252.write.1.tlog
E:\c++\VirtualTable\ConsoleApplication2\Debug\link.7044-cvtres.read.1.tlog
E:\c++\VirtualTable\ConsoleApplication2\Debug\link.7044-cvtres.write.1.tlog
E:\c++\VirtualTable\ConsoleApplication2\Debug\link.7044-rc.read.1.tlog
E:\c++\VirtualTable\ConsoleApplication2\Debug\link.7044-rc.write.1.tlog
E:\c++\VirtualTable\ConsoleApplication2\Debug\link.7044.read.1.tlog
E:\c++\VirtualTable\ConsoleApplication2\Debug\link.7044.write.1.tlog
E:\c++\VirtualTable\ConsoleApplication2\Debug\link.7148-cvtres.read.1.tlog
E:\c++\VirtualTable\ConsoleApplication2\Debug\link.7148-cvtres.write.1.tlog
E:\c++\VirtualTable\ConsoleApplication2\Debug\link.7148-rc.read.1.tlog
E:\c++\VirtualTable\ConsoleApplication2\Debug\link.7148-rc.write.1.tlog
E:\c++\VirtualTable\ConsoleApplication2\Debug\link.7148.read.1.tlog
E:\c++\VirtualTable\ConsoleApplication2\Debug\link.7148.write.1.tlog
E:\c++\VirtualTable\ConsoleApplication2\Debug\link.7244-cvtres.read.1.tlog
E:\c++\VirtualTable\ConsoleApplication2\Debug\link.7244-cvtres.write.1.tlog
E:\c++\VirtualTable\ConsoleApplication2\Debug\link.7244-rc.read.1.tlog
E:\c++\VirtualTable\ConsoleApplication2\Debug\link.7244-rc.write.1.tlog
E:\c++\VirtualTable\ConsoleApplication2\Debug\link.7244.read.1.tlog
E:\c++\VirtualTable\ConsoleApplication2\Debug\link.7244.write.1.tlog
E:\c++\VirtualTable\ConsoleApplication2\Debug\link.9376-cvtres.read.1.tlog
E:\c++\VirtualTable\ConsoleApplication2\Debug\link.9376-cvtres.write.1.tlog
E:\c++\VirtualTable\ConsoleApplication2\Debug\link.9376-rc.read.1.tlog
E:\c++\VirtualTable\ConsoleApplication2\Debug\link.9376-rc.write.1.tlog
E:\c++\VirtualTable\ConsoleApplication2\Debug\link.9376.read.1.tlog
E:\c++\VirtualTable\ConsoleApplication2\Debug\link.9376.write.1.tlog
E:\c++\VirtualTable\ConsoleApplication2\Debug\link.9688-cvtres.read.1.tlog
E:\c++\VirtualTable\ConsoleApplication2\Debug\link.9688-cvtres.write.1.tlog
E:\c++\VirtualTable\ConsoleApplication2\Debug\link.9688-rc.read.1.tlog
E:\c++\VirtualTable\ConsoleApplication2\Debug\link.9688-rc.write.1.tlog
E:\c++\VirtualTable\ConsoleApplication2\Debug\link.9688.read.1.tlog
E:\c++\VirtualTable\ConsoleApplication2\Debug\link.9688.write.1.tlog
E:\c++\VirtualTable\ConsoleApplication2\Debug\link.command.1.tlog
E:\c++\VirtualTable\ConsoleApplication2\Debug\link.read.1.tlog
E:\c++\VirtualTable\ConsoleApplication2\Debug\link.write.1.tlog
E:\c++\VirtualTable\ConsoleApplication2\Debug\vc110.idb
E:\c++\VirtualTable\ConsoleApplication2\Debug\vc110.pdb
E:\c++\VirtualTable\Debug\ConsoleApplication2.pdb
E:\c++\VirtualTable\Debug\ConsoleApplication2.exe
E:\c++\VirtualTable\Debug\ConsoleApplication2.ilk
