E:\C++\VIRTUALTABLE\MYIOCP\DEBUG\MAIN.OBJ
E:\C++\VIRTUALTABLE\MYIOCP\DEBUG\MYIOCP.OBJ
E:\C++\VIRTUALTABLE\MYIOCP\DEBUG\VC110.PDB
E:\C++\VIRTUALTABLE\DEBUG\MYIOCP.ILK
E:\C++\VIRTUALTABLE\DEBUG\MYIOCP.EXE
E:\C++\VIRTUALTABLE\DEBUG\MYIOCP.PDB
E:\c++\VirtualTable\MyIOCP\Debug\main.obj
E:\c++\VirtualTable\MyIOCP\Debug\MyIOCP.obj
E:\c++\VirtualTable\MyIOCP\Debug\cl.command.1.tlog
E:\c++\VirtualTable\MyIOCP\Debug\CL.read.1.tlog
E:\c++\VirtualTable\MyIOCP\Debug\CL.write.1.tlog
E:\c++\VirtualTable\MyIOCP\Debug\link-cvtres.read.1.tlog
E:\c++\VirtualTable\MyIOCP\Debug\link-cvtres.write.1.tlog
E:\c++\VirtualTable\MyIOCP\Debug\link-rc.read.1.tlog
E:\c++\VirtualTable\MyIOCP\Debug\link-rc.write.1.tlog
E:\c++\VirtualTable\MyIOCP\Debug\link.6152-cvtres.read.1.tlog
E:\c++\VirtualTable\MyIOCP\Debug\link.6152-cvtres.write.1.tlog
E:\c++\VirtualTable\MyIOCP\Debug\link.6152-rc.read.1.tlog
E:\c++\VirtualTable\MyIOCP\Debug\link.6152-rc.write.1.tlog
E:\c++\VirtualTable\MyIOCP\Debug\link.6152.read.1.tlog
E:\c++\VirtualTable\MyIOCP\Debug\link.6152.write.1.tlog
E:\c++\VirtualTable\MyIOCP\Debug\link.command.1.tlog
E:\c++\VirtualTable\MyIOCP\Debug\link.read.1.tlog
E:\c++\VirtualTable\MyIOCP\Debug\link.write.1.tlog
E:\c++\VirtualTable\MyIOCP\Debug\vc110.idb
E:\c++\VirtualTable\MyIOCP\Debug\vc110.pdb
E:\c++\VirtualTable\Debug\MyIOCP.pdb
E:\c++\VirtualTable\Debug\MyIOCP.exe
E:\c++\VirtualTable\Debug\MyIOCP.ilk
