E:\C++\VIRTUALTABLE\CONSOLEAPPLICATION3\DEBUG\VC110.PDB
E:\C++\VIRTUALTABLE\DEBUG\CONSOLEAPPLICATION3.ILK
E:\C++\VIRTUALTABLE\DEBUG\CONSOLEAPPLICATION3.EXE
E:\C++\VIRTUALTABLE\DEBUG\CONSOLEAPPLICATION3.PDB
E:\c++\VirtualTable\ConsoleApplication3\Debug\cl.command.1.tlog
E:\c++\VirtualTable\ConsoleApplication3\Debug\CL.read.1.tlog
E:\c++\VirtualTable\ConsoleApplication3\Debug\CL.write.1.tlog
E:\c++\VirtualTable\ConsoleApplication3\Debug\link-cvtres.read.1.tlog
E:\c++\VirtualTable\ConsoleApplication3\Debug\link-cvtres.write.1.tlog
E:\c++\VirtualTable\ConsoleApplication3\Debug\link-rc.read.1.tlog
E:\c++\VirtualTable\ConsoleApplication3\Debug\link-rc.write.1.tlog
E:\c++\VirtualTable\ConsoleApplication3\Debug\link.1344-cvtres.read.1.tlog
E:\c++\VirtualTable\ConsoleApplication3\Debug\link.1344-cvtres.write.1.tlog
E:\c++\VirtualTable\ConsoleApplication3\Debug\link.1344-rc.read.1.tlog
E:\c++\VirtualTable\ConsoleApplication3\Debug\link.1344-rc.write.1.tlog
E:\c++\VirtualTable\ConsoleApplication3\Debug\link.1344.read.1.tlog
E:\c++\VirtualTable\ConsoleApplication3\Debug\link.1344.write.1.tlog
E:\c++\VirtualTable\ConsoleApplication3\Debug\link.5228-cvtres.read.1.tlog
E:\c++\VirtualTable\ConsoleApplication3\Debug\link.5228-cvtres.write.1.tlog
E:\c++\VirtualTable\ConsoleApplication3\Debug\link.5228-rc.read.1.tlog
E:\c++\VirtualTable\ConsoleApplication3\Debug\link.5228-rc.write.1.tlog
E:\c++\VirtualTable\ConsoleApplication3\Debug\link.5228.read.1.tlog
E:\c++\VirtualTable\ConsoleApplication3\Debug\link.5228.write.1.tlog
E:\c++\VirtualTable\ConsoleApplication3\Debug\link.7040-cvtres.read.1.tlog
E:\c++\VirtualTable\ConsoleApplication3\Debug\link.7040-cvtres.write.1.tlog
E:\c++\VirtualTable\ConsoleApplication3\Debug\link.7040-rc.read.1.tlog
E:\c++\VirtualTable\ConsoleApplication3\Debug\link.7040-rc.write.1.tlog
E:\c++\VirtualTable\ConsoleApplication3\Debug\link.7040.read.1.tlog
E:\c++\VirtualTable\ConsoleApplication3\Debug\link.7040.write.1.tlog
E:\c++\VirtualTable\ConsoleApplication3\Debug\link.command.1.tlog
E:\c++\VirtualTable\ConsoleApplication3\Debug\link.read.1.tlog
E:\c++\VirtualTable\ConsoleApplication3\Debug\link.write.1.tlog
E:\c++\VirtualTable\ConsoleApplication3\Debug\vc110.idb
E:\c++\VirtualTable\ConsoleApplication3\Debug\vc110.pdb
E:\c++\VirtualTable\Debug\ConsoleApplication3.pdb
E:\c++\VirtualTable\Debug\ConsoleApplication3.exe
E:\c++\VirtualTable\Debug\ConsoleApplication3.ilk
